<?xml version="1.0" encoding="UTF-8"?>
<testng-results skipped="0" failed="0" total="2" passed="2">
  <reporter-output>
  </reporter-output>
  <suite name="Suite" duration-ms="33310" started-at="2014-11-20T06:47:14Z" finished-at="2014-11-20T06:47:47Z">
    <groups>
    </groups>
    <test name="Test1" duration-ms="33294" started-at="2014-11-20T06:47:14Z" finished-at="2014-11-20T06:47:47Z">
      <class name="com.capgemini.executor.NewParallelExecutioner">
        <test-method status="PASS" signature="beforeTest()[pri:0, instance:com.capgemini.executor.NewParallelExecutioner@1dfb148]" name="beforeTest" is-config="true" duration-ms="31" started-at="2014-11-20T12:17:14Z" finished-at="2014-11-20T12:17:14Z">
          <reporter-output>
          </reporter-output>
        </test-method> <!-- beforeTest -->
        <test-method status="PASS" signature="executer(java.lang.String, java.lang.String, java.lang.String)[pri:0, instance:com.capgemini.executor.NewParallelExecutioner@1dfb148]" name="executer" duration-ms="33247" started-at="2014-11-20T12:17:14Z" finished-at="2014-11-20T12:17:47Z">
          <params>
            <param index="0">
              <value>
                <![CDATA[]]>
              </value>
            </param>
            <param index="1">
              <value>
                <![CDATA[Chrome]]>
              </value>
            </param>
            <param index="2">
              <value>
                <![CDATA[GG]]>
              </value>
            </param>
          </params>
          <reporter-output>
          </reporter-output>
        </test-method> <!-- executer -->
        <test-method status="PASS" signature="afterTest()[pri:0, instance:com.capgemini.executor.NewParallelExecutioner@1dfb148]" name="afterTest" is-config="true" duration-ms="0" started-at="2014-11-20T12:17:47Z" finished-at="2014-11-20T12:17:47Z">
          <reporter-output>
          </reporter-output>
        </test-method> <!-- afterTest -->
      </class> <!-- com.capgemini.executor.NewParallelExecutioner -->
    </test> <!-- Test1 -->
    <test name="Test0" duration-ms="33310" started-at="2014-11-20T06:47:14Z" finished-at="2014-11-20T06:47:47Z">
      <class name="com.capgemini.executor.NewParallelExecutioner">
        <test-method status="PASS" signature="beforeTest()[pri:0, instance:com.capgemini.executor.NewParallelExecutioner@1be9d36]" name="beforeTest" is-config="true" duration-ms="31" started-at="2014-11-20T12:17:14Z" finished-at="2014-11-20T12:17:14Z">
          <reporter-output>
          </reporter-output>
        </test-method> <!-- beforeTest -->
        <test-method status="PASS" signature="executer(java.lang.String, java.lang.String, java.lang.String)[pri:0, instance:com.capgemini.executor.NewParallelExecutioner@1be9d36]" name="executer" duration-ms="33247" started-at="2014-11-20T12:17:14Z" finished-at="2014-11-20T12:17:47Z">
          <params>
            <param index="0">
              <value>
                <![CDATA[]]>
              </value>
            </param>
            <param index="1">
              <value>
                <![CDATA[Firefox]]>
              </value>
            </param>
            <param index="2">
              <value>
                <![CDATA[Google]]>
              </value>
            </param>
          </params>
          <reporter-output>
          </reporter-output>
        </test-method> <!-- executer -->
        <test-method status="PASS" signature="afterTest()[pri:0, instance:com.capgemini.executor.NewParallelExecutioner@1be9d36]" name="afterTest" is-config="true" duration-ms="0" started-at="2014-11-20T12:17:47Z" finished-at="2014-11-20T12:17:47Z">
          <reporter-output>
          </reporter-output>
        </test-method> <!-- afterTest -->
      </class> <!-- com.capgemini.executor.NewParallelExecutioner -->
    </test> <!-- Test0 -->
  </suite> <!-- Suite -->
</testng-results>
