<?xml version="1.0" encoding="UTF-8"?>
<testng-results skipped="0" failed="0" total="3" passed="3">
  <reporter-output>
  </reporter-output>
  <suite name="Default suite" duration-ms="63" started-at="2017-10-31T11:35:49Z" finished-at="2017-10-31T11:35:49Z">
    <groups>
    </groups>
    <test name="Default test" duration-ms="63" started-at="2017-10-31T11:35:49Z" finished-at="2017-10-31T11:35:49Z">
      <class name="selenium.ReportClassTest">
        <test-method status="PASS" signature="testMethodName()[pri:0, instance:selenium.ReportClassTest@75412c2f]" name="testMethodName" duration-ms="31" started-at="2017-10-31T17:05:49Z" finished-at="2017-10-31T17:05:49Z">
          <reporter-output>
          </reporter-output>
        </test-method> <!-- testMethodName -->
        <test-method status="PASS" signature="testMethodName1()[pri:0, instance:selenium.ReportClassTest@75412c2f]" name="testMethodName1" duration-ms="16" started-at="2017-10-31T17:05:49Z" finished-at="2017-10-31T17:05:49Z">
          <reporter-output>
          </reporter-output>
        </test-method> <!-- testMethodName1 -->
        <test-method status="PASS" signature="testMethodName2()[pri:0, instance:selenium.ReportClassTest@75412c2f]" name="testMethodName2" duration-ms="0" started-at="2017-10-31T17:05:49Z" finished-at="2017-10-31T17:05:49Z">
          <reporter-output>
          </reporter-output>
        </test-method> <!-- testMethodName2 -->
      </class> <!-- selenium.ReportClassTest -->
    </test> <!-- Default test -->
  </suite> <!-- Default suite -->
</testng-results>
